08015f21-53b7-49f4-a69c-053a88dad44c bpinsard@beluga4.int.ets1.calculquebec.ca:/lustre04/scratch/bpinsard/shinobi.mriqc timestamp=1738095156.450695669s
0987e435-50ac-4668-a3b0-33dc6e7010c4 bpinsard@bc11335.int.ets1.calculquebec.ca:/localscratch/bpinsard.53835087.0/mriqc_studyshinobi_sub01_ses005.job timestamp=1739740964.205695296s
0a509f54-3fed-43cf-a481-1f70464c23df bpinsard@bc11314.int.ets1.calculquebec.ca:/localscratch/bpinsard.53816066.0/mriqc_studyshinobi_sub01_ses002.job timestamp=1739584040.089040553s
0ce51549-2813-450d-a6c2-127bbaeb3952 bpinsard@bc12328.int.ets1.calculquebec.ca:/localscratch/bpinsard.53835091.0/mriqc_studyshinobi_sub01_ses009.job timestamp=1739740867.668312713s
0f35334c-5b28-4a42-bcb5-39879810c206 ria-beluga-storage timestamp=1738096299.31255052s
12dac573-7680-41f5-8499-2b329834bdca bpinsard@bc12045.int.ets1.calculquebec.ca:/localscratch/bpinsard.53835109.0/mriqc_studyshinobi_sub04_ses002.job timestamp=1739741489.227525682s
15002be5-db75-4ce5-b730-2842789310d2 bpinsard@bc12328.int.ets1.calculquebec.ca:/localscratch/bpinsard.53835093.0/mriqc_studyshinobi_sub01_ses011.job timestamp=1739740879.092386564s
162cf019-7066-4f32-b8d7-eb0e2110485d bpinsard@bc12047.int.ets1.calculquebec.ca:/localscratch/bpinsard.53834415.0/mriqc_studyshinobi_sub01_ses002.job timestamp=1739733382.925524769s
1c682c7e-6d78-4abd-84ab-35dc84a794bc bpinsard@bc11948.int.ets1.calculquebec.ca:/localscratch/bpinsard.53835103.0/mriqc_studyshinobi_sub02_ses011.job timestamp=1739741169.240482961s
1e31ac72-1aa3-42a4-909e-e26d49c19070 bpinsard@bc11336.int.ets1.calculquebec.ca:/localscratch/bpinsard.53835120.0/mriqc_studyshinobi_sub06_ses003.job timestamp=1739741757.87925254s
2111e977-702d-4460-971a-34612c7d7432 bpinsard@bc12159.int.ets1.calculquebec.ca:/localscratch/bpinsard.53835117.0/mriqc_studyshinobi_sub04_ses010.job timestamp=1739741682.42633267s
24181cfb-184c-4fd5-9ce1-4ec595d51844 bpinsard@bc12048.int.ets1.calculquebec.ca:/localscratch/bpinsard.53835116.0/mriqc_studyshinobi_sub04_ses009.job timestamp=1739741652.575908763s
2df65f08-16c6-483b-9843-b90a3ec87886 bpinsard@bc12105.int.ets1.calculquebec.ca:/localscratch/bpinsard.53835095.0/mriqc_studyshinobi_sub01_ses013.job timestamp=1739740776.328597359s
2e26e7aa-2409-4a3a-acb1-71009b5283a1 bpinsard@bc12312.int.ets1.calculquebec.ca:/localscratch/bpinsard.53835107.0/mriqc_studyshinobi_sub02_ses015.job timestamp=1739741456.722183343s
350ade61-2c89-4f6c-b063-d267eb09b9e2 bpinsard@bc11260.int.ets1.calculquebec.ca:/localscratch/bpinsard.53835085.0/mriqc_studyshinobi_sub01_ses003.job timestamp=1739740979.598476547s
394f3bd9-5926-4bb6-b648-8f7dfbeed576 bpinsard@bc12106.int.ets1.calculquebec.ca:/localscratch/bpinsard.53835096.0/mriqc_studyshinobi_sub02_ses002.job timestamp=1739741020.169742071s
40995264-6145-47a5-9803-f9ded93e4da5 bpinsard@bc12047.int.ets1.calculquebec.ca:/localscratch/bpinsard.53835119.0/mriqc_studyshinobi_sub06_ses001.job timestamp=1739741731.08417377s
44090441-5f36-44d2-b04c-91536cb5a51f bpinsard@bc11933.int.ets1.calculquebec.ca:/localscratch/bpinsard.53835098.0/mriqc_studyshinobi_sub02_ses006.job timestamp=1739741051.017678941s
54d0f5bf-d8ec-4a56-82b3-7d9b5937d317 bpinsard@bc11927.int.ets1.calculquebec.ca:/localscratch/bpinsard.53835110.0/mriqc_studyshinobi_sub04_ses003.job timestamp=1739741507.774785122s
55067526-82df-4b5a-91dc-4f3dac9da241 bpinsard@bc12328.int.ets1.calculquebec.ca:/localscratch/bpinsard.53835092.0/mriqc_studyshinobi_sub01_ses010.job timestamp=1739740856.332850085s
6a687f02-96c5-4e54-a546-7bc753eed99f bpinsard@bc11935.int.ets1.calculquebec.ca:/localscratch/bpinsard.53835113.0/mriqc_studyshinobi_sub04_ses006.job timestamp=1739741606.444663078s
6e2e719d-31b8-4534-9f1e-d631fade8a72 bpinsard@bc12121.int.ets1.calculquebec.ca:/localscratch/bpinsard.53835100.0/mriqc_studyshinobi_sub02_ses008.job timestamp=1739741105.228436118s
7bf3866c-21cc-40c2-b8f6-eeed14a59cff bpinsard@bc12046.int.ets1.calculquebec.ca:/localscratch/bpinsard.53835106.0/mriqc_studyshinobi_sub02_ses014.job timestamp=1739741442.327393766s
859d0cb4-054f-460f-ae0f-e47f465946f4 bpinsard@bc12216.int.ets1.calculquebec.ca:/localscratch/bpinsard.53835105.0/mriqc_studyshinobi_sub02_ses013.job timestamp=1739741424.397957128s
88450a6c-1ca7-43d0-adb7-6c2176a4c26d bpinsard@bc11948.int.ets1.calculquebec.ca:/localscratch/bpinsard.53835101.0/mriqc_studyshinobi_sub02_ses009.job timestamp=1739741127.196412167s
912a3c3c-7699-44d9-aa7e-4ffb2cf5f0c1 bpinsard@bc12238.int.ets1.calculquebec.ca:/localscratch/bpinsard.53835108.0/mriqc_studyshinobi_sub04_ses001.job timestamp=1739741474.006633219s
95bc6d24-bcf4-4c66-a66a-9981a96671ca bpinsard@bc11233.int.ets1.calculquebec.ca:/localscratch/bpinsard.53835099.0/mriqc_studyshinobi_sub02_ses007.job timestamp=1739741080.670577012s
9a3649b6-fda3-4542-b2ec-e530e5cf0a29 bpinsard@bc12022.int.ets1.calculquebec.ca:/localscratch/bpinsard.53835112.0/mriqc_studyshinobi_sub04_ses005.job timestamp=1739741586.491106722s
9ccc5fc9-3a5e-4aff-bc29-7387331cefd7 bpinsard@bc11240.int.ets1.calculquebec.ca:/localscratch/bpinsard.53832934.0/mriqc_studyshinobi_sub01_ses002.job timestamp=1739717819.734783512s
ad1504a8-efa3-402a-b0a6-1f8bf351b235 bpinsard@bc12045.int.ets1.calculquebec.ca:/localscratch/bpinsard.53835102.0/mriqc_studyshinobi_sub02_ses010.job timestamp=1739741152.065751176s
ae29a961-484e-4cf1-a027-92ca68315759 bpinsard@bc12046.int.ets1.calculquebec.ca:/localscratch/bpinsard.53835114.0/mriqc_studyshinobi_sub04_ses007.job timestamp=1739741619.610188196s
afce25f9-8691-47e9-b076-e5b746608d10 bpinsard@bc11902.int.ets1.calculquebec.ca:/localscratch/bpinsard.53835129.0/mriqc_studyshinobi_sub06_ses012.job timestamp=1739742118.021593236s
b23c6a2c-8768-4588-bdee-d25ed721f703 bpinsard@bc12357.int.ets1.calculquebec.ca:/localscratch/bpinsard.53835124.0/mriqc_studyshinobi_sub06_ses007.job timestamp=1739741917.551533441s
b29ee186-101e-4282-8c6c-5fc33b71443b bpinsard@bc11946.int.ets1.calculquebec.ca:/localscratch/bpinsard.53835127.0/mriqc_studyshinobi_sub06_ses010.job timestamp=1739742035.479929118s
b4b33a2f-1a00-4cad-b7ad-b8e581bfb818 bpinsard@bc12046.int.ets1.calculquebec.ca:/localscratch/bpinsard.53835118.0/mriqc_studyshinobi_sub04_ses011.job timestamp=1739741701.835385484s
b6476b34-eeba-4aa1-b47c-8f1afa0a79fc bpinsard@bc12227.int.ets1.calculquebec.ca:/localscratch/bpinsard.53835123.0/mriqc_studyshinobi_sub06_ses006.job timestamp=1739741898.055959814s
b72c7ebd-8218-4476-9b54-e519717ed57a bpinsard@bc12127.int.ets1.calculquebec.ca:/localscratch/bpinsard.53835122.0/mriqc_studyshinobi_sub06_ses005.job timestamp=1739741939.015228129s
b99ac073-cd6f-4b2c-9ccf-ad7164bb0a23 bpinsard@bc11948.int.ets1.calculquebec.ca:/localscratch/bpinsard.53835111.0/mriqc_studyshinobi_sub04_ses004.job timestamp=1739741560.481404098s
ba90b980-4533-4f18-9c36-41f1a08a8f2d bpinsard@bc12124.int.ets1.calculquebec.ca:/localscratch/bpinsard.53835097.0/mriqc_studyshinobi_sub02_ses005.job timestamp=1739740997.432514497s
bf8d2967-dbfe-41f2-81a7-730d13f41fed bpinsard@bc11935.int.ets1.calculquebec.ca:/localscratch/bpinsard.53835121.0/mriqc_studyshinobi_sub06_ses004.job timestamp=1739741773.628956683s
c62da2f6-5627-4f23-b66b-d7495bfeb8a0 bpinsard@bc12048.int.ets1.calculquebec.ca:/localscratch/bpinsard.53835104.0/mriqc_studyshinobi_sub02_ses012.job timestamp=1739741399.489756117s
c6db28e1-1a58-4e5e-9f95-5f4e1031321a bpinsard@bc11909.int.ets1.calculquebec.ca:/localscratch/bpinsard.53835089.0/mriqc_studyshinobi_sub01_ses007.job timestamp=1739740933.938839638s
cf35427d-b2f6-4f3a-a23a-6fcf58883c3f bpinsard@bc11310.int.ets1.calculquebec.ca:/localscratch/bpinsard.53825487.0/mriqc_studyshinobi_sub01_ses002.job timestamp=1739647484.199955636s
e30207b8-b1a6-423f-866c-704c6319375f bpinsard@bc12312.int.ets1.calculquebec.ca:/localscratch/bpinsard.53835090.0/mriqc_studyshinobi_sub01_ses008.job timestamp=1739740897.60726626s
efa04492-b726-4bd1-a339-276c69129bc6 bpinsard@bc11334.int.ets1.calculquebec.ca:/localscratch/bpinsard.53835086.0/mriqc_studyshinobi_sub01_ses004.job timestamp=1739740917.459810482s
f6b2c687-d3be-4b0b-a8a0-c9f0d9400cfa bpinsard@bc11335.int.ets1.calculquebec.ca:/localscratch/bpinsard.53835088.0/mriqc_studyshinobi_sub01_ses006.job timestamp=1739740950.863071851s
fd6dcab6-29ae-42a6-b512-d57f4be02d11 bpinsard@bc11936.int.ets1.calculquebec.ca:/localscratch/bpinsard.53835115.0/mriqc_studyshinobi_sub04_ses008.job timestamp=1739741635.606154257s
